<?xml version="1.0" encoding="UTF-8"?>
<!-- Generated by org.testng.reporters.JUnitXMLReporter -->
<testsuite ignored="0" hostname="DESKTOP-JAP4662" failures="0" tests="3" name="Dev Environment" time="0.097" errors="0" timestamp="2022-08-07T06:15:25 PDT">
  <testcase classname="org.TestNG1.CustomerTC2" name="creatCustomer" time="0.011"/>
  <testcase classname="org.TestNG1.CustomerTC2" name="deleteCustomer" time="0.002"/>
  <testcase classname="org.TestNG1.CustomerTC2" name="updateCustomer" time="0.005"/>
</testsuite> <!-- Dev Environment -->
