<?xml version="1.0" encoding="UTF-8"?>
<!-- Generated by org.testng.reporters.JUnitXMLReporter -->
<testsuite ignored="0" hostname="DESKTOP-JAP4662" failures="0" tests="3" name="QA Environment" time="0.017" errors="0" timestamp="2022-08-07T06:15:26 PDT">
  <testcase classname="org.TestNG1.AccountTc2" name="creatAccount" time="0.003"/>
  <testcase classname="org.TestNG1.AccountTc2" name="deleteAccount" time="0.002"/>
  <testcase classname="org.TestNG1.AccountTc2" name="updateAccount" time="0.002"/>
</testsuite> <!-- QA Environment -->
