<?xml version="1.0" encoding="UTF-8"?>
<!-- Generated by org.testng.reporters.JUnitXMLReporter -->
<testsuite ignored="0" hostname="DESKTOP-JAP4662" failures="0" tests="6" name="Regression Test" time="0.105" errors="0" timestamp="2022-08-07T06:15:36 PDT">
  <testcase classname="org.TestNG1.AccountTc1" name="creatAccount" time="0.016"/>
  <testcase classname="org.TestNG1.AccountTc1" name="deleteAccount" time="0.003"/>
  <testcase classname="org.TestNG1.AccountTc1" name="updateAccount" time="0.004"/>
  <testcase classname="org.TestNG1.CustomerTC1" name="creatCustomer" time="0.001"/>
  <testcase classname="org.TestNG1.CustomerTC1" name="deleteCustomer" time="0.002"/>
  <testcase classname="org.TestNG1.CustomerTC1" name="updateCustomer" time="0.003"/>
</testsuite> <!-- Regression Test -->
